2021-08-21 12:00:24.297204
Traceback (most recent call last):
  File "D:\code\chrome_console\python-chrome_devtool\cc\\cc_server.py", line 106, in get_msg_from_cc_plugin
    msg = cc_ext.getMessage()
  File "D:\code\chrome_console\python-chrome_devtool\cc\cc_server_ext.py", line 12, in getMessage
    sys.exit(0)
SystemExit: 0

During handling of the above exception, another exception occurred:

Traceback (most recent call last):
  File "D:\code\chrome_console\python-chrome_devtool\cc\\cc_server.py", line 19, in write_cc_log
    f.write(strTime+'\n'+msg+'\n')
TypeError: can only concatenate str (not "NoneType") to str

2021-08-21 12:00:24.297204
Traceback (most recent call last):
  File "D:\code\chrome_console\python-chrome_devtool\cc\\cc_server.py", line 215, in cc_plugin_listen_service
    if jsonMsg['uuid'] == 'last_server' and jsonMsg['type'] == 'new_server_come_in':
KeyError: 'uuid'

2021-08-21 12:00:24.297204
server unbind!
2021-08-21 12:00:24.297204
Traceback (most recent call last):
  File "D:\code\chrome_console\python-chrome_devtool\cc\\cc_server.py", line 244, in udp_client_listen_service
    jsonMsg, clientAddr = self._msg_engine.get_udp_msg()
  File "D:\code\chrome_console\python-chrome_devtool\cc\\cc_server.py", line 70, in get_udp_msg
    data, clientAddr = self._server.recvfrom(65535)
OSError: [WinError 10038] 在一个非套接字上尝试了一个操作。

During handling of the above exception, another exception occurred:

Traceback (most recent call last):
  File "D:\code\chrome_console\python-chrome_devtool\cc\\cc_server.py", line 19, in write_cc_log
    f.write(strTime+'\n'+msg+'\n')
TypeError: can only concatenate str (not "NoneType") to str

2021-08-21 12:00:24.297204
server unbind!
2021-08-21 12:21:02.420853
complete send message: b'\x00\x00\x00={"uuid":"last_server","type":"new_server_come_in","param":""}'
2021-08-21 12:21:02.625772
server bind!
2021-08-21 12:47:08.067328
complete get message: b'{"uuid":"","type":"register_cc","param":""}'
2021-08-21 12:47:08.082466
complete send message: b'\x00\x00\x00R{"uuid":"c3ba8526-384a-465e-9e1f-370bdfc9ef6f","type":"regist_success","param":""}'
2021-08-21 12:48:42.326344
complete get message: b'{"uuid":"","type":"register_cc","param":""}'
2021-08-21 12:48:42.342835
complete send message: b'\x00\x00\x00R{"uuid":"2b1644fb-8fc9-4e61-92c4-7a271831caa7","type":"regist_success","param":""}'
2021-08-21 12:49:00.645094
complete get message: b'{"uuid":"2b1644fb-8fc9-4e61-92c4-7a271831caa7","type":"client_execute_js","param":"try{console.log(document.cookie);}catch(e){console.log(e.stack);}"}'
2021-08-21 12:49:00.652075
complete send message: b'\x00\x00\x02\xd7{"uuid":"2b1644fb-8fc9-4e61-92c4-7a271831caa7","type":"console_log","param":"[\\"MUID=29347FEBDB9069E01A7B6F72DA506888; SRCHD=AF=NOFORM; SRCHUID=V=2&GUID=D478B926F4D64405AA5B2082EACF0490&dmnchg=1; _SS=SID=0769859B2984694436CE950128FB68A9; SRCHUSR=DOB=20210820&T=1629521183000; _HPVN=CS=eyJQbiI6eyJDbiI6MiwiU3QiOjAsIlFzIjowLCJQcm9kIjoiUCJ9LCJTYyI6eyJDbiI6MiwiU3QiOjAsIlFzIjowLCJQcm9kIjoiSCJ9LCJReiI6eyJDbiI6MiwiU3QiOjAsIlFzIjowLCJQcm9kIjoiVCJ9LCJBcCI6dHJ1ZSwiTXV0ZSI6dHJ1ZSwiTGFkIjoiMjAyMS0wOC0yMVQwMDowMDowMFoiLCJJb3RkIjowLCJEZnQiOm51bGwsIk12cyI6MCwiRmx0IjowLCJJbXAiOjh9; ipv6=hit=1629524784426&t=4; SRCHHPGUSR=SRCHLANG=zh-Hans&BRW=NOTP&BRH=S&CW=767&CH=444&SW=1536&SH=864&DPR=1.25&UTC=480&DM=1&WTS=63765117983&HV=1629521184\\"]"}'
2021-08-21 12:49:24.301049
complete get message: b'{"uuid":"2b1644fb-8fc9-4e61-92c4-7a271831caa7","type":"client_execute_js","param":"try{console.log(window.location.href)}catch(e){console.log(e.stack);}"}'
2021-08-21 12:49:24.314792
complete send message: b'\x00\x00\x00t{"uuid":"2b1644fb-8fc9-4e61-92c4-7a271831caa7","type":"console_log","param":"[\\"https://www.bing.com/?mkt=zh-CN\\"]"}'
